
ROM used: 606 (7%)
          606 (7%) including unused fragments

          1 Average locations per line
          8 Average locations per statement

RAM used: 37 (10%) at main() level
          49 (13%) worst case

Stack used: 8 worst case (out of 8 total available)

Lines Stmts  %   Files
----- ----- ---  -----
   35    22  29  main.c
  152     0   0  main.h
  330     0   0  C:\Program Files\PICC\devices\16F877A.h
    4     0   0  var.h
  117    55  71  lcd.c
----- -----
  638    77 Total

Page ROM  %  RAM   Vol Diff  Functions:
---- --- --- ---   --- ----  ----------
0     21   3   1             @delay_ms1
0     13   2   0    72  1.2  LCD_Enable
0     39   6   2   226  2.8  LCD_Send4Bit
0     13   2   2    84  1.7  LCD_SendCommand
0    103  17   0   508  1.4  LCD_Init
0     38   6   3   214  5.0  LCD_Gotoxy
0      7   1   0    32  1.0  LCD_Clear
0     12   2   1    65  1.2  LCD_PutChar
0     26   4   3    67  2.6  LCD_Puts
0     35   6   4   110  3.2  LCD_PutsDelay
0      5   1   0    16  1.0  ngat_ngoai
0    134  22  21   603  2.8  main
0      8   1   0             @const89
0     13   2   1             @SPRINTF
0     70  12   3             @PSTRINGC7_91
0      8   1   0             @const94
0      8   1   0             @const95
0      6   1   0             @const96

Program metrics:
    Functions               11
    Statements              77
    Comments                211
    Volume (V)              3224
    Difficilty (D)          23.6
    Effort to implement (E) 76069
    Time to implement (T)   1 hours, 10 minutes
    Est Delivered Bugs (B)  1
    Cyclomatic Complexity   1
    Maintainability (MI)    134

 Segment     Used  Free
-----------  ----  ----
00000-00003     4  0  
00004-0002E    43  0  
0002F-007FF   559  1442  
00800-00FFF     0  2048  
01000-017FF     0  2048  
01800-01FFF     0  2048  



