
ROM used:   766/8192 (9%)
            766/8192 (9%) including unused fragments

            0.8 Average locations per line
            10.4 Average locations per statement

RAM used:   41/368 (11%) at main() level
            54/368 (15%) worst case

Stack used: 7 worst case (3 in main + 4 for interrupts)
Stack size: 8

Lines Stmts  %   Files
----- ----- ---  -----
   37    19  26  main.c
  152     0   0  main.h
  671     0   0  C:\Program Files (x86)\PICC\Devices\16F877A.h
    4     0   0  var.h
  117    55  74  lcd.c
----- -----
  981    74 Total

Page ROM  %  RAM   Vol Diff  Functions:
---- --- --- ---   --- ----  ----------
0     21   3    1             @delay_ms1
0     13   2    0    72  1.2  LCD_Enable
0     39   5    2   226  2.8  LCD_Send4Bit
0     13   2    2    84  1.7  LCD_SendCommand
0    103  13    0   508  1.4  LCD_Init
0     40   5    3   214  5.0  LCD_Gotoxy
0      7   1    0    32  1.0  LCD_Clear
 Inline         1    65  1.2  LCD_PutChar
0     37   5    3    67  2.6  LCD_Puts
0      6   1    0    33  1.3  ngat_ngoai
0     95  12   20   404  3.7  main
0      8   1    0             @const646
0     13   2    1             @SPRINTF
0     88  11    4             @PSTRINGC7_648
0      5   1    0             @const651
0     89  12    5             @PSTRINGCN7_648
0     21   3    3             @DIV88
0     89  12    6             @PRINTF_D_648
 Inline         0             @cinit1

Program metrics:
    Functions               10
    Statements              74
    Comments                254
    Volume (V)              2759
    Difficulty (D)          21.2
    Effort to implement (E) 58557
    Time to implement (T)   54 minutes
    Est Delivered Bugs (B)  1
    Cyclomatic Complexity   1
    Maintainability (MI)    159

 Segment     Used  Free
-----------  ----  ----
00000-00003     4  0  
00004-0004E    75  0  
0004F-007FF   687  1282  
00800-00FFF     0  2048  
01000-017FF     0  2048  
01800-01FFF     0  2048  



