
ROM used:   346/8192 (4%)
            346/8192 (4%) including unused fragments

            0.3 Average locations per line
            5.5 Average locations per statement

RAM used:   29/368 (8%) at main() level
            36/368 (10%) worst case

Stack used: 3 worst case (3 in main + 0 for interrupts)
Stack size: 8

Lines Stmts  %   Files
----- ----- ---  -----
   21    10  16  main.c
  152     0   0  main.h
  671     0   0  C:\Program Files (x86)\PICC\Devices\16F877A.h
    4     0   0  var.h
  108    50  79  lcd.c
   88     3   5  timer.c
----- -----
 1044    63 Total

Page ROM  %  RAM   Vol Diff  Functions:
---- --- --- ---   --- ----  ----------
0     21   6    1             @delay_ms1
0     13   4    0    72  1.2  LCD_Enable
0     39  11    2   226  2.8  LCD_Send4Bit
0     13   4    2    84  1.7  LCD_SendCommand
0     49  14    0   508  1.4  LCD_Init
0      9   3    0    32  1.0  LCD_Clear
 Inline         1    65  1.2  LCD_PutChar
0     33  10    3    69  2.3  LCD_Puts
0     59  17   21   238  2.6  MAIN
0      5   1    0    22  1.2  @const644
0     13   4    1   466  3.8  @SPRINTF
0     88  25    4             @PSTRINGC7_646
 Inline         0             @cinit1

Program metrics:
    Functions               10
    Statements              63
    Comments                324
    Volume (V)              2840
    Difficulty (D)          20.1
    Effort to implement (E) 57111
    Time to implement (T)   53 minutes
    Est Delivered Bugs (B)  0
    Cyclomatic Complexity   1
    Maintainability (MI)    140

 Segment     Used  Free
-----------  ----  ----
00000-00003     4  0  
00004-007FF   342  1702  
00800-00FFF     0  2048  
01000-017FF     0  2048  
01800-01FFF     0  2048  



