
ROM used: 1318 (16%)
          1318 (16%) including unused fragments

          2 Average locations per line
          17 Average locations per statement

RAM used: 50 (14%) at main() level
          79 (21%) worst case

Stack used: 4 worst case (out of 8 total available)

Lines Stmts  %   Files
----- ----- ---  -----
   44    24  31  main.c
  152     0   0  main.h
  330     0   0  C:\Program Files\PICC\devices\16F877A.h
    8     0   0  var.h
  108    50  65  lcd.c
   88     3   4  timer.c
----- -----
  730    77 Total

Page ROM  %  RAM   Vol Diff  Functions:
---- --- --- ---   --- ----  ----------
0     21   2   1             @delay_ms1
0     13   1   0    72  1.2  LCD_Enable
0     39   3   3   226  2.8  LCD_Send4Bit
0     13   1   2    84  1.7  LCD_SendCommand
0     49   4   0   508  1.4  LCD_Init
0     20   2   3   214  5.0  LCD_Gotoxy
0      9   1   0    32  1.0  LCD_Clear
 Inline        1    65  1.2  LCD_PutChar
0     31   2   3    69  2.3  LCD_Puts
0      8   1   0    42  1.4  timer1_config
0     54   4   4    78  2.5  ngat_CCP2
0     16   1   0    22  1.2  ngat_timer1
0    148  11  25   598  3.8  main
0      7   1   0             @const94
0     13   1   1             @SPRINTF
0     70   5   3             @PSTRINGC7_96
0      8   1   0             @const99
0     29   2   4             @DTOF
0    204  15  14             @DIVFF
0      7   1   0             @const105
0     81   6   4             @PSTRINGCN7_96
 Inline       13             @MULFF
 Inline        5             @FTOSD
0     79   6  13             @DIV3232
0    341  26  13             @PRINTF_L32D_96FPFPF

Program metrics:
    Functions               12
    Statements              77
    Comments                281
    Volume (V)              3305
    Difficilty (D)          25.1
    Effort to implement (E) 83061
    Time to implement (T)   1 hours, 17 minutes
    Est Delivered Bugs (B)  1
    Cyclomatic Complexity   1
    Maintainability (MI)    158

 Segment     Used  Free
-----------  ----  ----
00000-00003     4  0  
00004-00039    54  0  
0003A-007FF  1260  730  
00800-00FFF     0  2048  
01000-017FF     0  2048  
01800-01FFF     0  2048  



