
ROM used:   880/8192 (11%)
            880/8192 (11%) including unused fragments

            0.8 Average locations per line
            9.4 Average locations per statement

RAM used:   42/368 (11%) at main() level
            49/368 (13%) worst case

Stack used: 4 worst case (3 in main + 1 for interrupts)
Stack size: 8

Lines Stmts  %   Files
----- ----- ---  -----
   27    14  15  main.c
   16     0   0  main.h
  671     0   0  C:\Program Files (x86)\PICC\Devices\16F877A.h
    7     0   0  var.h
  108    50  53  lcd.c
  201    25  27  interrupt.c
   88     5   5  timer.c
----- -----
 1118    94 Total

Page ROM  %  RAM   Vol Diff  Functions:
---- --- --- ---   --- ----  ----------
0     20   2    1             @delay_ms1
0     20   2    0    72  1.2  LCD_Enable
0     51   6    2   226  2.8  LCD_Send4Bit
0     13   1    2    84  1.7  LCD_SendCommand
0     55   6    0   508  1.4  LCD_Init
0     22   2    3   214  5.0  LCD_Gotoxy
 Inline         1    65  1.2  LCD_PutChar
0     37   4    3    69  2.3  LCD_Puts
0     18   2    0   243  1.4  interrupt_config
0      4   0    0     8  1.5  ngat_ngoai
0      4   0    0     8  1.5  ngat_RB
0     26   3    0   219  3.6  ngat_timer0
0      4   0    0     5  1.0  ngat_timer1
0      4   0    0     5  1.0  ngat_timer2
0      4   0    0     5  1.0  ngat_ADC
0      4   0    0     5  1.0  ngat_ccp1
0      4   0    0     5  1.0  ngat_ccp2
0      4   0    0     5  1.0  TBE_isr
0      4   0    0     5  1.0  RDA_isr
0      4   0    0     5  1.0  SSP_isr
0      4   0    0     5  1.0  PSP_isr
0      4   0    0     5  1.0  BUSCOL_isr
0      4   0    0     5  1.0  EEPROM_isr
0      4   0    0     6  0.5  COMP_isr
0     10   1    0    50  1.5  timer0_config
0     72   8   21   318  3.1  MAIN
0      7   1    0             @const662
0     13   1    1             @SPRINTF
0     88  10    4             @PSTRINGC7_664
0      6   1    0             @const667
0     89  10    5             @PSTRINGCN7_664
0     21   2    3             @DIV88
0     55   6    2             @PRINTF_U_664
 Inline         0             @cinit1

Program metrics:
    Functions               25
    Statements              94
    Comments                293
    Volume (V)              3924
    Difficulty (D)          37.8
    Effort to implement (E) 148340
    Time to implement (T)   2 hours, 17 minutes
    Est Delivered Bugs (B)  1
    Cyclomatic Complexity   4
    Maintainability (MI)    82

 Segment     Used  Free
-----------  ----  ----
00000-00003     4  0  
00004-000C8   197  0  
000C9-007FF   679  1168  
00800-00FFF     0  2048  
01000-017FF     0  2048  
01800-01FFF     0  2048  



