
ROM used: 393 (5%)
          393 (5%) including unused fragments

          1 Average locations per line
          6 Average locations per statement

RAM used: 29 (8%) at main() level
          36 (10%) worst case

Stack used: 3 worst case (out of 8 total available)

Lines Stmts  %   Files
----- ----- ---  -----
   27    17  24  main.c
  152     0   0  main.h
  330     0   0  C:\Program Files\PICC\devices\16F877A.h
    4     0   0  var.h
  108    50  71  lcd.c
   88     3   4  timer.c
----- -----
  709    70 Total

Page ROM  %  RAM   Vol Diff  Functions:
---- --- --- ---   --- ----  ----------
0     21   5   1             @delay_ms1
0     13   3   0    72  1.2  LCD_Enable
0     39  10   2   226  2.8  LCD_Send4Bit
0     13   3   2    84  1.7  LCD_SendCommand
0     49  12   0   508  1.4  LCD_Init
0     22   6   3   214  5.0  LCD_Gotoxy
0      9   2   0    32  1.0  LCD_Clear
 Inline        1    65  1.2  LCD_PutChar
0     31   8   3    69  2.3  LCD_Puts
0     96  24  21   472  2.8  MAIN
0      5   1   0   472  2.8  @const88
0     13   3   1             @SPRINTF
0     70  18   3             @PSTRINGC7_90
0      8   2   0             @const93

Program metrics:
    Functions               10
    Statements              70
    Comments                281
    Volume (V)              3519
    Difficilty (D)          22.1
    Effort to implement (E) 77862
    Time to implement (T)   1 hours, 12 minutes
    Est Delivered Bugs (B)  1
    Cyclomatic Complexity   1
    Maintainability (MI)    156

 Segment     Used  Free
-----------  ----  ----
00000-00003     4  0  
00004-007FF   389  1655  
00800-00FFF     0  2048  
01000-017FF     0  2048  
01800-01FFF     0  2048  



