
ROM used: 578 (7%)
          578 (7%) including unused fragments

          1 Average locations per line
          8 Average locations per statement

RAM used: 29 (8%) at main() level
          36 (10%) worst case

Stack used: 3 worst case (out of 8 total available)

Lines Stmts  %   Files
----- ----- ---  -----
   30    19  26  main.c
  173     0   0  main.h
  330     0   0  C:\Program Files\PICC\devices\16F877A.h
    4     0   0  var.h
  108    50  68  lcd.c
   88     5   7  timer.c
----- -----
  733    74 Total

Page ROM  %  RAM   Vol Diff  Functions:
---- --- --- ---   --- ----  ----------
0     21   4   1             @delay_ms1
0     13   2   0    72  1.2  LCD_Enable
0     39   7   2   226  2.8  LCD_Send4Bit
0     13   2   2    84  1.7  LCD_SendCommand
0     49   8   0   508  1.4  LCD_Init
0     20   3   3   214  5.0  LCD_Gotoxy
0      9   2   0    32  1.0  LCD_Clear
 Inline        1    65  1.2  LCD_PutChar
0     31   5   3    69  2.3  LCD_Puts
0     10   2   0    50  1.5  timer0_config
0    107  19  22   541  3.4  MAIN
0      8   1   0     5  1.0  @const88
0     13   2   1     5  1.0  @SPRINTF
0     70  12   3     5  1.0  @PSTRINGC7_90
0      8   1   0     5  1.0  @const93
0      8   1   0     5  1.0  @const94
0     79  14   4     5  1.0  @PSTRINGCN7_90
0     21   4   3     5  1.0  @DIV88
0     55  10   2     5  1.0  @PRINTF_U_90

Program metrics:
    Functions               18
    Statements              74
    Comments                298
    Volume (V)              3204
    Difficilty (D)          29.3
    Effort to implement (E) 93852
    Time to implement (T)   1 hours, 27 minutes
    Est Delivered Bugs (B)  1
    Cyclomatic Complexity   1
    Maintainability (MI)    122

 Segment     Used  Free
-----------  ----  ----
00000-00003     4  0  
00004-007FF   574  1470  
00800-00FFF     0  2048  
01000-017FF     0  2048  
01800-01FFF     0  2048  



