
ROM used:   476/8192 (6%)
            476/8192 (6%) including unused fragments

            0.5 Average locations per line
            8.1 Average locations per statement

RAM used:   22/368 (6%) at main() level
            28/368 (8%) worst case

Stack used: 2 worst case (2 in main + 0 for interrupts)
Stack size: 8

Lines Stmts  %   Files
----- ----- ---  -----
   24    12  20  main.c
  176     0   0  main.h
  671     0   0  C:\Program Files (x86)\PICC\Devices\16F877A.h
   11     0   0  uart.c
   73    47  80  key_4x4.c
    8     0   0  var.h
----- -----
  963    59 Total

Page ROM  %  RAM   Vol Diff  Functions:
---- --- --- ---   --- ----  ----------
0     21   4    1             @delay_ms1
0      3   1    0     3  0.0  UART_config
0     13   3    0   156  1.3  key_4x4_init
0     29   6    5   277  3.7  ButtonIsPush
 Inline         1   298  2.8  check_row
0    110  23    2   575  5.6  get_key_4x4
0    101  21    1   228  3.0  MAIN
0      5   1    0             @const636
0     90  19    4             @PSTRINGC7_9600_62_63
0      9   2    0             @const638
0     91  19    5             @PSTRINGCN7_9600_62_63
 Inline         0             @cinit1

Program metrics:
    Functions               6
    Statements              59
    Comments                228
    Volume (V)              2233
    Difficulty (D)          16.5
    Effort to implement (E) 36743
    Time to implement (T)   34 minutes
    Est Delivered Bugs (B)  0
    Cyclomatic Complexity   12
    Maintainability (MI)    96

 Segment     Used  Free
-----------  ----  ----
00000-00003     4  0  
00004-007FF   472  1572  
00800-00FFF     0  2048  
01000-017FF     0  2048  
01800-01FFF     0  2048  



