
ROM used:   1344/8192 (16%)
            1344/8192 (16%) including unused fragments

            1.3 Average locations per line
            18.4 Average locations per statement

RAM used:   54/368 (15%) at main() level
            83/368 (23%) worst case

Stack used: 4 worst case (3 in main + 1 for interrupts)
Stack size: 8

Lines Stmts  %   Files
----- ----- ---  -----
   40    20  27  main.c
  152     0   0  main.h
  671     0   0  C:\Program Files (x86)\PICC\Devices\16F877A.h
    8     0   0  var.h
  108    50  68  lcd.c
   88     3   4  timer.c
----- -----
 1067    73 Total

Page ROM  %  RAM   Vol Diff  Functions:
---- --- --- ---   --- ----  ----------
0     21   2    1             @delay_ms1
0     13   1    0    72  1.2  LCD_Enable
0     39   3    3   226  2.8  LCD_Send4Bit
0     13   1    2    84  1.7  LCD_SendCommand
0     49   4    0   508  1.4  LCD_Init
0     22   2    3   214  5.0  LCD_Gotoxy
 Inline         1    65  1.2  LCD_PutChar
0     31   2    3    69  2.3  LCD_Puts
0      8   1    0    42  1.4  timer1_config
0     54   4    4    78  2.5  ngat_CCP2
0     16   1    0    22  1.2  ngat_timer1
0    131  10   25   466  3.8  main
0      7   1    0             @const650
0     13   1    1             @SPRINTF
0     88   7    4             @PSTRINGC7_652
0     29   2    4             @DTOF
0    204  15   14             @DIVFF
0      7   1    0             @const660
0     89   7    5             @PSTRINGCN7_652
 Inline        13             @MULFF
 Inline         5             @FTOSD
0     79   6   13             @DIV3232
0    341  25   13             @PRINTF_L32D_652FPFPF
 Inline         0             @cinit1

Program metrics:
    Functions               11
    Statements              73
    Comments                323
    Volume (V)              3033
    Difficulty (D)          23.8
    Effort to implement (E) 72261
    Time to implement (T)   1 hours, 7 minutes
    Est Delivered Bugs (B)  1
    Cyclomatic Complexity   1
    Maintainability (MI)    154

 Segment     Used  Free
-----------  ----  ----
00000-00003     4  0  
00004-00059    86  0  
0005A-007FF  1254  704  
00800-00FFF     0  2048  
01000-017FF     0  2048  
01800-01FFF     0  2048  



