
ROM used:   505/8192 (6%)
            505/8192 (6%) including unused fragments

            0.5 Average locations per line
            6.5 Average locations per statement

RAM used:   43/368 (12%) at main() level
            50/368 (14%) worst case

Stack used: 4 worst case (3 in main + 1 for interrupts)
Stack size: 8

Lines Stmts  %   Files
----- ----- ---  -----
   43    25  32  main.c
  146     0   0  main.h
  671     0   0  C:\Program Files (x86)\PICC\Devices\16F877A.h
    6     0   0  var.h
  108    50  64  lcd.c
   88     3   4  timer.c
----- -----
 1062    78 Total

Page ROM  %  RAM   Vol Diff  Functions:
---- --- --- ---   --- ----  ----------
0     21   4    1             @delay_ms1
0     13   3    0    72  1.2  LCD_Enable
0     39   8    2   226  2.8  LCD_Send4Bit
0     13   3    2    84  1.7  LCD_SendCommand
0     49  10    0   508  1.4  LCD_Init
0     22   4    3   214  5.0  LCD_Gotoxy
0      9   2    0    32  1.0  LCD_Clear
 Inline         1    65  1.2  LCD_PutChar
0     31   6    3    69  2.3  LCD_Puts
0     28   6    0   125  2.6  ngat_CCP1
0     84  17   21   436  3.7  main
0      8   2    0             @const647
0     13   3    1             @SPRINTF
0     86  17    4             @PSTRINGC7_649
0      8   2    0             @const652
 Inline         0             @cinit1

Program metrics:
    Functions               10
    Statements              78
    Comments                319
    Volume (V)              2967
    Difficulty (D)          22.5
    Effort to implement (E) 66823
    Time to implement (T)   1 hours, 2 minutes
    Est Delivered Bugs (B)  1
    Cyclomatic Complexity   2
    Maintainability (MI)    139

 Segment     Used  Free
-----------  ----  ----
00000-00003     4  0  
00004-00050    77  0  
00051-007FF   424  1543  
00800-00FFF     0  2048  
01000-017FF     0  2048  
01800-01FFF     0  2048  



